Build started 2013/8/31 21:44:32.
     1>Project "D:\work\l1sparseReconstruction\parameterization\parameterization\parameterization.vcxproj" on node 2 (build target(s)).
     1>InitializeBuildStatus:
         Creating "Release\parameterization.unsuccessfulbuild" because "AlwaysCreate" was specified.
       ClCompile:
         C:\Program Files (x86)\Microsoft Visual Studio 10.0\VC\bin\CL.exe /c /ID:\lib\boost_1_53_0 /I"C:\Program Files (x86)\CGAL\include" /Zi /nologo /W3 /WX- /O2 /Oi /Oy- /GL /D WIN32 /D NDEBUG /D _CONSOLE /D _UNICODE /D UNICODE /Gm- /EHsc /MD /GS /Gy /fp:precise /Zc:wchar_t /Zc:forScope /Fo"Release\\" /Fd"Release\vc100.pdb" /Gd /TP /analyze- /errorReport:prompt test.cpp
         test.cpp
       Link:
         C:\Program Files (x86)\Microsoft Visual Studio 10.0\VC\bin\link.exe /ERRORREPORT:PROMPT /OUT:"D:\work\l1sparseReconstruction\parameterization\Release\parameterization.exe" /INCREMENTAL:NO /NOLOGO /LIBPATH:D:\lib\boost_1_53_0\stage\lib /LIBPATH:"C:\Program Files (x86)\CGAL\lib" kernel32.lib user32.lib gdi32.lib winspool.lib comdlg32.lib advapi32.lib shell32.lib ole32.lib oleaut32.lib uuid.lib odbc32.lib odbccp32.lib /MANIFEST /ManifestFile:"Release\parameterization.exe.intermediate.manifest" /MANIFESTUAC:"level='asInvoker' uiAccess='false'" /DEBUG /PDB:"D:\work\l1sparseReconstruction\parameterization\Release\parameterization.pdb" /SUBSYSTEM:CONSOLE /OPT:REF /OPT:ICF /LTCG /TLBID:1 /DYNAMICBASE /NXCOMPAT /IMPLIB:"D:\work\l1sparseReconstruction\parameterization\Release\parameterization.lib" /MACHINE:X86 Release\test.obj
         Generating code
         Finished generating code
         parameterization.vcxproj -> D:\work\l1sparseReconstruction\parameterization\Release\parameterization.exe
       Manifest:
         C:\Program Files (x86)\Microsoft SDKs\Windows\v7.0A\bin\mt.exe /nologo /verbose /outputresource:"D:\work\l1sparseReconstruction\parameterization\Release\parameterization.exe;#1" /manifest Release\parameterization.exe.intermediate.manifest
       FinalizeBuildStatus:
         Deleting file "Release\parameterization.unsuccessfulbuild".
         Touching "Release\parameterization.lastbuildstate".
     1>Done Building Project "D:\work\l1sparseReconstruction\parameterization\parameterization\parameterization.vcxproj" (build target(s)).

Build succeeded.

Time Elapsed 00:00:08.51
